<?xml version="1.0" encoding="UTF-8"?>
<!-- Generated by org.testng.reporters.JUnitXMLReporter -->
<testsuite ignored="0" hostname="user2" failures="0" tests="8" name="PageValidation" time="14.5" errors="0" timestamp="2024-11-08T12:35:14 IST">
  <testcase classname="ParallelScripts.SampleParralelTwo" name="SampleFour" time="0.013"/>
  <testcase classname="ParallelScripts.SampleParralelTwo" name="SampleOne" time="0.003"/>
  <testcase classname="ParallelScripts.SampleParralelTwo" name="SampleThree" time="0.009"/>
  <testcase classname="ParallelScripts.SampleParralelTwo" name="SampleTwo" time="0.008"/>
  <testcase classname="ParallelScripts.SampleParralelOne" name="SampleFour" time="5.791"/>
  <testcase classname="ParallelScripts.SampleParralelOne" name="SampleOne" time="2.414"/>
  <testcase classname="ParallelScripts.SampleParralelOne" name="SampleThree" time="4.245"/>
  <testcase classname="ParallelScripts.SampleParralelOne" name="SampleTwo" time="1.969"/>
</testsuite> <!-- PageValidation -->
