<?xml version="1.0" encoding="UTF-8"?>
<testng-results ignored="0" total="1" passed="1" failed="0" skipped="0">
  <reporter-output>
  </reporter-output>
  <suite started-at="2024-11-06T11:34:03 IST" name="Default suite" finished-at="2024-11-06T11:34:34 IST" duration-ms="30645">
    <groups>
    </groups>
    <test started-at="2024-11-06T11:34:03 IST" name="Default test" finished-at="2024-11-06T11:34:34 IST" duration-ms="30645">
      <class name="TestScripts.WebTables">
        <test-method signature="AutoCompleteTest()[pri:0, instance:TestScripts.WebTables@28f3b248]" started-at="2024-11-06T11:34:03 IST" name="AutoCompleteTest" finished-at="2024-11-06T11:34:34 IST" duration-ms="30581" status="PASS">
          <reporter-output>
          </reporter-output>
        </test-method> <!-- AutoCompleteTest -->
      </class> <!-- TestScripts.WebTables -->
    </test> <!-- Default test -->
  </suite> <!-- Default suite -->
</testng-results>
