<?xml version="1.0" encoding="UTF-8"?>
<testng-results ignored="0" total="1" passed="1" failed="0" skipped="0">
  <reporter-output>
  </reporter-output>
  <suite started-at="2024-10-30T10:39:03 IST" name="Default suite" finished-at="2024-10-30T10:39:11 IST" duration-ms="8809">
    <groups>
    </groups>
    <test started-at="2024-10-30T10:39:03 IST" name="Default test" finished-at="2024-10-30T10:39:11 IST" duration-ms="8809">
      <class name="TestScripts.WebTables">
        <test-method signature="List()[pri:0, instance:TestScripts.WebTables@7e5afaa6]" started-at="2024-10-30T10:39:03 IST" name="List" finished-at="2024-10-30T10:39:11 IST" duration-ms="8712" status="PASS">
          <reporter-output>
          </reporter-output>
        </test-method> <!-- List -->
      </class> <!-- TestScripts.WebTables -->
    </test> <!-- Default test -->
  </suite> <!-- Default suite -->
</testng-results>
